mode: set
gitlab.com/dudaji/odk/controllers/create.go:21.70,23.16 2 0
gitlab.com/dudaji/odk/controllers/create.go:23.16,26.23 3 0
gitlab.com/dudaji/odk/controllers/create.go:26.23,28.4 1 0
gitlab.com/dudaji/odk/controllers/create.go:30.8,32.3 1 0
gitlab.com/dudaji/odk/controllers/create.go:37.103,39.31 2 0
gitlab.com/dudaji/odk/controllers/create.go:106.2,106.12 1 0
gitlab.com/dudaji/odk/controllers/create.go:39.31,43.43 3 0
gitlab.com/dudaji/odk/controllers/create.go:43.43,47.18 4 0
gitlab.com/dudaji/odk/controllers/create.go:53.4,53.27 1 0
gitlab.com/dudaji/odk/controllers/create.go:47.18,50.5 2 0
gitlab.com/dudaji/odk/controllers/create.go:53.27,56.19 3 0
gitlab.com/dudaji/odk/controllers/create.go:61.5,63.19 3 0
gitlab.com/dudaji/odk/controllers/create.go:67.5,69.19 3 0
gitlab.com/dudaji/odk/controllers/create.go:56.19,59.6 2 0
gitlab.com/dudaji/odk/controllers/create.go:63.19,65.6 1 0
gitlab.com/dudaji/odk/controllers/create.go:69.19,71.6 1 0
gitlab.com/dudaji/odk/controllers/create.go:72.10,72.34 1 0
gitlab.com/dudaji/odk/controllers/create.go:72.34,74.19 2 0
gitlab.com/dudaji/odk/controllers/create.go:78.5,78.28 1 0
gitlab.com/dudaji/odk/controllers/create.go:74.19,76.6 1 0
gitlab.com/dudaji/odk/controllers/create.go:78.28,81.20 2 0
gitlab.com/dudaji/odk/controllers/create.go:85.6,87.20 3 0
gitlab.com/dudaji/odk/controllers/create.go:91.6,91.25 1 0
gitlab.com/dudaji/odk/controllers/create.go:81.20,83.7 1 0
gitlab.com/dudaji/odk/controllers/create.go:87.20,89.7 1 0
gitlab.com/dudaji/odk/controllers/create.go:91.25,94.21 3 0
gitlab.com/dudaji/odk/controllers/create.go:94.21,96.8 1 0
gitlab.com/dudaji/odk/controllers/create.go:100.9,100.24 1 0
gitlab.com/dudaji/odk/controllers/create.go:100.24,103.4 2 0
gitlab.com/dudaji/odk/controllers/create.go:110.63,111.29 1 0
gitlab.com/dudaji/odk/controllers/create.go:116.2,116.11 1 0
gitlab.com/dudaji/odk/controllers/create.go:111.29,112.26 1 0
gitlab.com/dudaji/odk/controllers/create.go:112.26,114.4 1 0
gitlab.com/dudaji/odk/controllers/create.go:120.102,173.2 6 0
gitlab.com/dudaji/odk/controllers/create.go:177.98,179.25 1 0
gitlab.com/dudaji/odk/controllers/create.go:182.2,188.40 4 0
gitlab.com/dudaji/odk/controllers/create.go:179.25,181.3 1 0
gitlab.com/dudaji/odk/controllers/create.go:192.75,194.25 2 0
gitlab.com/dudaji/odk/controllers/create.go:197.2,197.25 1 0
gitlab.com/dudaji/odk/controllers/create.go:200.2,200.24 1 0
gitlab.com/dudaji/odk/controllers/create.go:203.2,203.12 1 0
gitlab.com/dudaji/odk/controllers/create.go:194.25,196.3 1 0
gitlab.com/dudaji/odk/controllers/create.go:197.25,199.3 1 0
gitlab.com/dudaji/odk/controllers/create.go:200.24,202.3 1 0
gitlab.com/dudaji/odk/controllers/create.go:207.81,228.2 3 0
gitlab.com/dudaji/odk/controllers/create.go:231.72,232.73 1 0
gitlab.com/dudaji/odk/controllers/create.go:236.2,236.12 1 0
gitlab.com/dudaji/odk/controllers/create.go:232.73,235.3 2 0
gitlab.com/dudaji/odk/controllers/create.go:240.82,241.83 1 0
gitlab.com/dudaji/odk/controllers/create.go:245.2,245.145 1 0
gitlab.com/dudaji/odk/controllers/create.go:249.2,249.144 1 0
gitlab.com/dudaji/odk/controllers/create.go:253.2,253.12 1 0
gitlab.com/dudaji/odk/controllers/create.go:241.83,244.3 2 0
gitlab.com/dudaji/odk/controllers/create.go:245.145,248.3 2 0
gitlab.com/dudaji/odk/controllers/create.go:249.144,252.3 2 0
gitlab.com/dudaji/odk/controllers/create.go:257.104,272.16 2 0
gitlab.com/dudaji/odk/controllers/create.go:275.2,276.97 2 0
gitlab.com/dudaji/odk/controllers/create.go:280.2,280.12 1 0
gitlab.com/dudaji/odk/controllers/create.go:272.16,274.3 1 0
gitlab.com/dudaji/odk/controllers/create.go:276.97,279.3 2 0
gitlab.com/dudaji/odk/controllers/create.go:284.92,286.140 2 0
gitlab.com/dudaji/odk/controllers/create.go:292.2,292.17 1 0
gitlab.com/dudaji/odk/controllers/create.go:286.140,289.3 2 0
gitlab.com/dudaji/odk/controllers/create.go:289.8,291.3 1 0
gitlab.com/dudaji/odk/controllers/create.go:296.93,298.147 2 0
gitlab.com/dudaji/odk/controllers/create.go:309.2,309.39 1 0
gitlab.com/dudaji/odk/controllers/create.go:298.147,301.3 2 0
gitlab.com/dudaji/odk/controllers/create.go:301.8,303.22 2 0
gitlab.com/dudaji/odk/controllers/create.go:303.22,307.4 3 0
gitlab.com/dudaji/odk/controllers/create.go:313.89,317.16 4 0
gitlab.com/dudaji/odk/controllers/create.go:321.2,322.42 2 0
gitlab.com/dudaji/odk/controllers/create.go:317.16,320.3 2 0
gitlab.com/dudaji/odk/controllers/create.go:326.91,329.108 3 0
gitlab.com/dudaji/odk/controllers/create.go:340.2,340.37 1 0
gitlab.com/dudaji/odk/controllers/create.go:329.108,332.3 2 0
gitlab.com/dudaji/odk/controllers/create.go:332.8,334.22 2 0
gitlab.com/dudaji/odk/controllers/create.go:334.22,338.4 3 0
gitlab.com/dudaji/odk/controllers/create.go:344.78,346.94 2 0
gitlab.com/dudaji/odk/controllers/create.go:350.2,350.12 1 0
gitlab.com/dudaji/odk/controllers/create.go:346.94,349.3 2 0
gitlab.com/dudaji/odk/controllers/create.go:354.87,355.98 1 0
gitlab.com/dudaji/odk/controllers/create.go:359.2,359.12 1 0
gitlab.com/dudaji/odk/controllers/create.go:355.98,358.3 2 0
gitlab.com/dudaji/odk/controllers/create.go:363.87,365.140 1 0
gitlab.com/dudaji/odk/controllers/create.go:369.2,369.12 1 0
gitlab.com/dudaji/odk/controllers/create.go:365.140,368.3 2 0
gitlab.com/dudaji/odk/controllers/mater_controller.go:54.97,59.16 4 0
gitlab.com/dudaji/odk/controllers/mater_controller.go:72.2,80.32 2 0
gitlab.com/dudaji/odk/controllers/mater_controller.go:59.16,61.29 1 0
gitlab.com/dudaji/odk/controllers/mater_controller.go:65.3,66.33 2 0
gitlab.com/dudaji/odk/controllers/mater_controller.go:61.29,64.4 2 0
gitlab.com/dudaji/odk/controllers/mater_controller.go:84.68,88.2 1 0
gitlab.com/dudaji/odk/controllers/utils.go:24.52,27.2 1 0
gitlab.com/dudaji/odk/controllers/utils.go:30.117,31.80 1 0
gitlab.com/dudaji/odk/controllers/utils.go:35.2,36.16 2 0
gitlab.com/dudaji/odk/controllers/utils.go:40.2,41.16 2 0
gitlab.com/dudaji/odk/controllers/utils.go:45.2,60.43 5 0
gitlab.com/dudaji/odk/controllers/utils.go:65.2,66.16 2 0
gitlab.com/dudaji/odk/controllers/utils.go:70.2,70.43 1 0
gitlab.com/dudaji/odk/controllers/utils.go:31.80,34.3 2 0
gitlab.com/dudaji/odk/controllers/utils.go:36.16,39.3 2 0
gitlab.com/dudaji/odk/controllers/utils.go:41.16,44.3 2 0
gitlab.com/dudaji/odk/controllers/utils.go:60.43,62.3 1 0
gitlab.com/dudaji/odk/controllers/utils.go:62.8,64.3 1 0
gitlab.com/dudaji/odk/controllers/utils.go:66.16,69.3 2 0
gitlab.com/dudaji/odk/controllers/utils.go:70.43,72.17 2 0
gitlab.com/dudaji/odk/controllers/utils.go:76.3,77.17 2 0
gitlab.com/dudaji/odk/controllers/utils.go:81.3,81.41 1 0
gitlab.com/dudaji/odk/controllers/utils.go:72.17,75.4 2 0
gitlab.com/dudaji/odk/controllers/utils.go:77.17,80.4 2 0
gitlab.com/dudaji/odk/controllers/utils.go:82.8,84.3 1 0
gitlab.com/dudaji/odk/controllers/utils.go:88.100,90.2 1 0
gitlab.com/dudaji/odk/controllers/utils.go:93.85,94.30 1 0
gitlab.com/dudaji/odk/controllers/utils.go:94.30,98.17 4 0
gitlab.com/dudaji/odk/controllers/utils.go:102.3,102.29 1 0
gitlab.com/dudaji/odk/controllers/utils.go:108.3,108.20 1 0
gitlab.com/dudaji/odk/controllers/utils.go:98.17,100.4 1 0
gitlab.com/dudaji/odk/controllers/utils.go:103.22,104.20 1 0
gitlab.com/dudaji/odk/controllers/utils.go:105.38,106.76 1 0
gitlab.com/dudaji/odk/controllers/utils.go:114.61,117.16 2 0
gitlab.com/dudaji/odk/controllers/utils.go:120.2,125.4 1 0
gitlab.com/dudaji/odk/controllers/utils.go:117.16,119.3 1 0
